FILE_TYPE=LIBRARY_PARTS;
PRIMITIVE 'EHF_105_01_L_D_SM_LC','EHF_105_01_L_D_SM_LC_Other';
  PIN
    '1':
      PIN_NUMBER='(1)';
      NO_LOAD_CHECK=BOTH;
      NO_IO_CHECK=BOTH;
      ALLOW_CONNECT=TRUE;
      PINUSE='UNSPEC';
    '2':
      PIN_NUMBER='(2)';
      NO_LOAD_CHECK=BOTH;
      NO_IO_CHECK=BOTH;
      ALLOW_CONNECT=TRUE;
      PINUSE='UNSPEC';
    '3':
      PIN_NUMBER='(3)';
      NO_LOAD_CHECK=BOTH;
      NO_IO_CHECK=BOTH;
      ALLOW_CONNECT=TRUE;
      PINUSE='UNSPEC';
    '4':
      PIN_NUMBER='(4)';
      NO_LOAD_CHECK=BOTH;
      NO_IO_CHECK=BOTH;
      ALLOW_CONNECT=TRUE;
      PINUSE='UNSPEC';
    '5':
      PIN_NUMBER='(5)';
      NO_LOAD_CHECK=BOTH;
      NO_IO_CHECK=BOTH;
      ALLOW_CONNECT=TRUE;
      PINUSE='UNSPEC';
    '6':
      PIN_NUMBER='(6)';
      NO_LOAD_CHECK=BOTH;
      NO_IO_CHECK=BOTH;
      ALLOW_CONNECT=TRUE;
      PINUSE='UNSPEC';
    '7':
      PIN_NUMBER='(7)';
      NO_LOAD_CHECK=BOTH;
      NO_IO_CHECK=BOTH;
      ALLOW_CONNECT=TRUE;
      PINUSE='UNSPEC';
    '8':
      PIN_NUMBER='(8)';
      NO_LOAD_CHECK=BOTH;
      NO_IO_CHECK=BOTH;
      ALLOW_CONNECT=TRUE;
      PINUSE='UNSPEC';
    '9':
      PIN_NUMBER='(9)';
      NO_LOAD_CHECK=BOTH;
      NO_IO_CHECK=BOTH;
      ALLOW_CONNECT=TRUE;
      PINUSE='UNSPEC';
    '10':
      PIN_NUMBER='(10)';
      NO_LOAD_CHECK=BOTH;
      NO_IO_CHECK=BOTH;
      ALLOW_CONNECT=TRUE;
      PINUSE='UNSPEC';
  END_PIN;
  BODY
    PART_NAME='EHF_105_01_L_D_SM_LC';
    PHYS_DES_PREFIX='J';
    NO_LOAD_CHECK='TRUE';
    PIN_COUNT='10';
    BODY_NAME='EHF_105_01_L_D_SM_LC';
    JEDEC_TYPE='EHF-105-01-XX-D-SM-LC';
  END_BODY;
END_PRIMITIVE;
END.
